2021-03-24 16:28:49,972 INFO  Logger.cs: 70 - 
--------------------------------------------------------------------------------
2021-03-24 16:28:50,004 INFO  Logger.cs: 71 - Logging commencing for SW2URDF exporter
2021-03-24 16:28:50,005 INFO  Logger.cs: 73 - Commit version 1.6.0-1-g15f4949
2021-03-24 16:28:50,006 INFO  Logger.cs: 74 - Build version 1.6.7594.29634
2021-03-24 16:28:50,008 INFO  SwAddin.cs: 192 - Attempting to connect to SW
2021-03-24 16:28:50,009 INFO  SwAddin.cs: 197 - Setting up callbacks
2021-03-24 16:28:50,010 INFO  SwAddin.cs: 201 - Setting up command manager
2021-03-24 16:28:50,011 INFO  SwAddin.cs: 204 - Adding command manager
2021-03-24 16:28:50,014 INFO  SwAddin.cs: 263 - Adding Assembly export to file menu
2021-03-24 16:28:50,014 INFO  SwAddin.cs: 272 - Adding Part export to file menu
2021-03-24 16:28:50,015 INFO  SwAddin.cs: 210 - Adding event handlers
2021-03-24 16:28:50,018 INFO  SwAddin.cs: 217 - Connecting plugin to SolidWorks
2021-03-24 16:37:44,662 INFO  SwAddin.cs: 294 - Assembly export called for file Prototip_2
2021-03-24 16:37:49,647 INFO  SwAddin.cs: 313 - Saving assembly
2021-03-24 16:37:49,931 INFO  SwAddin.cs: 316 - Opening property manager
2021-03-24 16:37:49,954 INFO  ExportHelperExtension.cs: 1125 - Retrieving features of type [CoordSys] from Prototip_2
2021-03-24 16:37:49,963 INFO  ExportHelperExtension.cs: 1136 - Found 97 in Prototip_2
2021-03-24 16:37:49,965 INFO  ExportHelperExtension.cs: 1145 - Found 0 features of type [CoordSys] in Prototip_2
2021-03-24 16:37:49,966 INFO  ExportHelperExtension.cs: 1148 - Proceeding through assembly components
2021-03-24 16:37:49,969 INFO  ExportHelperExtension.cs: 1160 - 20 components to check
2021-03-24 16:37:49,971 INFO  ExportHelperExtension.cs: 1125 - Retrieving features of type [CoordSys] from Plataforma_4-1
2021-03-24 16:37:49,972 INFO  ExportHelperExtension.cs: 1136 - Found 37 in Plataforma_4-1
2021-03-24 16:37:49,974 INFO  ExportHelperExtension.cs: 1145 - Found 0 features of type [CoordSys] in Plataforma_4-1
2021-03-24 16:37:49,975 INFO  ExportHelperExtension.cs: 1125 - Retrieving features of type [CoordSys] from Coberta-1
2021-03-24 16:37:49,976 INFO  ExportHelperExtension.cs: 1136 - Found 32 in Coberta-1
2021-03-24 16:37:49,977 INFO  ExportHelperExtension.cs: 1145 - Found 0 features of type [CoordSys] in Coberta-1
2021-03-24 16:37:49,977 INFO  ExportHelperExtension.cs: 1125 - Retrieving features of type [CoordSys] from Plataforma_2-1
2021-03-24 16:37:49,978 INFO  ExportHelperExtension.cs: 1136 - Found 36 in Plataforma_2-1
2021-03-24 16:37:49,980 INFO  ExportHelperExtension.cs: 1145 - Found 0 features of type [CoordSys] in Plataforma_2-1
2021-03-24 16:37:49,981 INFO  ExportHelperExtension.cs: 1125 - Retrieving features of type [CoordSys] from Plataforma_1-1
2021-03-24 16:37:49,982 INFO  ExportHelperExtension.cs: 1136 - Found 35 in Plataforma_1-1
2021-03-24 16:37:49,983 INFO  ExportHelperExtension.cs: 1145 - Found 0 features of type [CoordSys] in Plataforma_1-1
2021-03-24 16:37:49,984 INFO  ExportHelperExtension.cs: 1125 - Retrieving features of type [CoordSys] from Mecanum Wheel_diam76-2
2021-03-24 16:37:49,986 INFO  ExportHelperExtension.cs: 1136 - Found 75 in Mecanum Wheel_diam76-2
2021-03-24 16:37:49,987 INFO  ExportHelperExtension.cs: 1145 - Found 0 features of type [CoordSys] in Mecanum Wheel_diam76-2
2021-03-24 16:37:49,988 INFO  ExportHelperExtension.cs: 1125 - Retrieving features of type [CoordSys] from Mecanum Wheel_diam76-3
2021-03-24 16:37:49,989 INFO  ExportHelperExtension.cs: 1136 - Found 75 in Mecanum Wheel_diam76-3
2021-03-24 16:37:49,991 INFO  ExportHelperExtension.cs: 1145 - Found 0 features of type [CoordSys] in Mecanum Wheel_diam76-3
2021-03-24 16:37:49,992 INFO  ExportHelperExtension.cs: 1125 - Retrieving features of type [CoordSys] from Mecanum Wheel_diam76-4
2021-03-24 16:37:49,993 INFO  ExportHelperExtension.cs: 1136 - Found 75 in Mecanum Wheel_diam76-4
2021-03-24 16:37:49,995 INFO  ExportHelperExtension.cs: 1145 - Found 0 features of type [CoordSys] in Mecanum Wheel_diam76-4
2021-03-24 16:37:49,995 INFO  ExportHelperExtension.cs: 1125 - Retrieving features of type [CoordSys] from Suport motor-1
2021-03-24 16:37:49,997 INFO  ExportHelperExtension.cs: 1136 - Found 34 in Suport motor-1
2021-03-24 16:37:49,998 INFO  ExportHelperExtension.cs: 1145 - Found 0 features of type [CoordSys] in Suport motor-1
2021-03-24 16:37:49,999 INFO  ExportHelperExtension.cs: 1125 - Retrieving features of type [CoordSys] from Motor-1
2021-03-24 16:37:50,000 INFO  ExportHelperExtension.cs: 1136 - Found 46 in Motor-1
2021-03-24 16:37:50,001 INFO  ExportHelperExtension.cs: 1145 - Found 0 features of type [CoordSys] in Motor-1
2021-03-24 16:37:50,002 INFO  ExportHelperExtension.cs: 1125 - Retrieving features of type [CoordSys] from Lidar amb suport-1
2021-03-24 16:37:50,003 INFO  ExportHelperExtension.cs: 1136 - Found 29 in Lidar amb suport-1
2021-03-24 16:37:50,004 INFO  ExportHelperExtension.cs: 1145 - Found 0 features of type [CoordSys] in Lidar amb suport-1
2021-03-24 16:37:50,005 INFO  ExportHelperExtension.cs: 1125 - Retrieving features of type [CoordSys] from Mecanum Wheel_diam76-1
2021-03-24 16:37:50,006 INFO  ExportHelperExtension.cs: 1136 - Found 75 in Mecanum Wheel_diam76-1
2021-03-24 16:37:50,007 INFO  ExportHelperExtension.cs: 1145 - Found 0 features of type [CoordSys] in Mecanum Wheel_diam76-1
2021-03-24 16:37:50,008 INFO  ExportHelperExtension.cs: 1125 - Retrieving features of type [CoordSys] from Plataforma_3-1
2021-03-24 16:37:50,009 INFO  ExportHelperExtension.cs: 1136 - Found 36 in Plataforma_3-1
2021-03-24 16:37:50,010 INFO  ExportHelperExtension.cs: 1145 - Found 0 features of type [CoordSys] in Plataforma_3-1
2021-03-24 16:37:50,011 INFO  ExportHelperExtension.cs: 1125 - Retrieving features of type [CoordSys] from Suport motor-3
2021-03-24 16:37:50,012 INFO  ExportHelperExtension.cs: 1136 - Found 34 in Suport motor-3
2021-03-24 16:37:50,012 INFO  ExportHelperExtension.cs: 1145 - Found 0 features of type [CoordSys] in Suport motor-3
2021-03-24 16:37:50,013 INFO  ExportHelperExtension.cs: 1125 - Retrieving features of type [CoordSys] from Suport motor 2-2
2021-03-24 16:37:50,014 INFO  ExportHelperExtension.cs: 1136 - Found 32 in Suport motor 2-2
2021-03-24 16:37:50,015 INFO  ExportHelperExtension.cs: 1145 - Found 0 features of type [CoordSys] in Suport motor 2-2
2021-03-24 16:37:50,016 INFO  ExportHelperExtension.cs: 1125 - Retrieving features of type [CoordSys] from Motor-2
2021-03-24 16:37:50,016 INFO  ExportHelperExtension.cs: 1136 - Found 46 in Motor-2
2021-03-24 16:37:50,020 INFO  ExportHelperExtension.cs: 1145 - Found 0 features of type [CoordSys] in Motor-2
2021-03-24 16:37:50,021 INFO  ExportHelperExtension.cs: 1125 - Retrieving features of type [CoordSys] from Motor-3
2021-03-24 16:37:50,021 INFO  ExportHelperExtension.cs: 1136 - Found 46 in Motor-3
2021-03-24 16:37:50,022 INFO  ExportHelperExtension.cs: 1145 - Found 0 features of type [CoordSys] in Motor-3
2021-03-24 16:37:50,023 INFO  ExportHelperExtension.cs: 1125 - Retrieving features of type [CoordSys] from Suport motor-2
2021-03-24 16:37:50,158 INFO  ExportHelperExtension.cs: 1136 - Found 34 in Suport motor-2
2021-03-24 16:37:50,159 INFO  ExportHelperExtension.cs: 1145 - Found 0 features of type [CoordSys] in Suport motor-2
2021-03-24 16:37:50,160 INFO  ExportHelperExtension.cs: 1125 - Retrieving features of type [CoordSys] from Motor-4
2021-03-24 16:37:50,160 INFO  ExportHelperExtension.cs: 1136 - Found 46 in Motor-4
2021-03-24 16:37:50,161 INFO  ExportHelperExtension.cs: 1145 - Found 0 features of type [CoordSys] in Motor-4
2021-03-24 16:37:50,161 INFO  ExportHelperExtension.cs: 1125 - Retrieving features of type [CoordSys] from Suport motor-4
2021-03-24 16:37:50,162 INFO  ExportHelperExtension.cs: 1136 - Found 34 in Suport motor-4
2021-03-24 16:37:50,163 INFO  ExportHelperExtension.cs: 1145 - Found 0 features of type [CoordSys] in Suport motor-4
2021-03-24 16:37:50,163 INFO  ExportHelperExtension.cs: 1125 - Retrieving features of type [CoordSys] from Suport motor 2-1
2021-03-24 16:37:50,164 INFO  ExportHelperExtension.cs: 1136 - Found 32 in Suport motor 2-1
2021-03-24 16:37:50,164 INFO  ExportHelperExtension.cs: 1145 - Found 0 features of type [CoordSys] in Suport motor 2-1
2021-03-24 16:37:50,165 INFO  ExportHelperExtension.cs: 1125 - Retrieving features of type [RefAxis] from Prototip_2
2021-03-24 16:37:50,165 INFO  ExportHelperExtension.cs: 1136 - Found 97 in Prototip_2
2021-03-24 16:37:50,166 INFO  ExportHelperExtension.cs: 1145 - Found 0 features of type [RefAxis] in Prototip_2
2021-03-24 16:37:50,166 INFO  ExportHelperExtension.cs: 1148 - Proceeding through assembly components
2021-03-24 16:37:50,167 INFO  ExportHelperExtension.cs: 1160 - 20 components to check
2021-03-24 16:37:50,167 INFO  ExportHelperExtension.cs: 1125 - Retrieving features of type [RefAxis] from Plataforma_4-1
2021-03-24 16:37:50,168 INFO  ExportHelperExtension.cs: 1136 - Found 37 in Plataforma_4-1
2021-03-24 16:37:50,169 INFO  ExportHelperExtension.cs: 1145 - Found 0 features of type [RefAxis] in Plataforma_4-1
2021-03-24 16:37:50,169 INFO  ExportHelperExtension.cs: 1125 - Retrieving features of type [RefAxis] from Coberta-1
2021-03-24 16:37:50,170 INFO  ExportHelperExtension.cs: 1136 - Found 32 in Coberta-1
2021-03-24 16:37:50,170 INFO  ExportHelperExtension.cs: 1145 - Found 0 features of type [RefAxis] in Coberta-1
2021-03-24 16:37:50,171 INFO  ExportHelperExtension.cs: 1125 - Retrieving features of type [RefAxis] from Plataforma_2-1
2021-03-24 16:37:50,171 INFO  ExportHelperExtension.cs: 1136 - Found 36 in Plataforma_2-1
2021-03-24 16:37:50,172 INFO  ExportHelperExtension.cs: 1145 - Found 0 features of type [RefAxis] in Plataforma_2-1
2021-03-24 16:37:50,172 INFO  ExportHelperExtension.cs: 1125 - Retrieving features of type [RefAxis] from Plataforma_1-1
2021-03-24 16:37:50,173 INFO  ExportHelperExtension.cs: 1136 - Found 35 in Plataforma_1-1
2021-03-24 16:37:50,173 INFO  ExportHelperExtension.cs: 1145 - Found 0 features of type [RefAxis] in Plataforma_1-1
2021-03-24 16:37:50,174 INFO  ExportHelperExtension.cs: 1125 - Retrieving features of type [RefAxis] from Mecanum Wheel_diam76-2
2021-03-24 16:37:50,175 INFO  ExportHelperExtension.cs: 1136 - Found 75 in Mecanum Wheel_diam76-2
2021-03-24 16:37:50,177 INFO  ExportHelperExtension.cs: 1145 - Found 0 features of type [RefAxis] in Mecanum Wheel_diam76-2
2021-03-24 16:37:50,177 INFO  ExportHelperExtension.cs: 1125 - Retrieving features of type [RefAxis] from Mecanum Wheel_diam76-3
2021-03-24 16:37:50,179 INFO  ExportHelperExtension.cs: 1136 - Found 75 in Mecanum Wheel_diam76-3
2021-03-24 16:37:50,180 INFO  ExportHelperExtension.cs: 1145 - Found 0 features of type [RefAxis] in Mecanum Wheel_diam76-3
2021-03-24 16:37:50,181 INFO  ExportHelperExtension.cs: 1125 - Retrieving features of type [RefAxis] from Mecanum Wheel_diam76-4
2021-03-24 16:37:50,182 INFO  ExportHelperExtension.cs: 1136 - Found 75 in Mecanum Wheel_diam76-4
2021-03-24 16:37:50,184 INFO  ExportHelperExtension.cs: 1145 - Found 0 features of type [RefAxis] in Mecanum Wheel_diam76-4
2021-03-24 16:37:50,185 INFO  ExportHelperExtension.cs: 1125 - Retrieving features of type [RefAxis] from Suport motor-1
2021-03-24 16:37:50,186 INFO  ExportHelperExtension.cs: 1136 - Found 34 in Suport motor-1
2021-03-24 16:37:50,187 INFO  ExportHelperExtension.cs: 1145 - Found 0 features of type [RefAxis] in Suport motor-1
2021-03-24 16:37:50,188 INFO  ExportHelperExtension.cs: 1125 - Retrieving features of type [RefAxis] from Motor-1
2021-03-24 16:37:50,189 INFO  ExportHelperExtension.cs: 1136 - Found 46 in Motor-1
2021-03-24 16:37:50,191 INFO  ExportHelperExtension.cs: 1145 - Found 0 features of type [RefAxis] in Motor-1
2021-03-24 16:37:50,192 INFO  ExportHelperExtension.cs: 1125 - Retrieving features of type [RefAxis] from Lidar amb suport-1
2021-03-24 16:37:50,193 INFO  ExportHelperExtension.cs: 1136 - Found 29 in Lidar amb suport-1
2021-03-24 16:37:50,194 INFO  ExportHelperExtension.cs: 1145 - Found 0 features of type [RefAxis] in Lidar amb suport-1
2021-03-24 16:37:50,195 INFO  ExportHelperExtension.cs: 1125 - Retrieving features of type [RefAxis] from Mecanum Wheel_diam76-1
2021-03-24 16:37:50,196 INFO  ExportHelperExtension.cs: 1136 - Found 75 in Mecanum Wheel_diam76-1
2021-03-24 16:37:50,198 INFO  ExportHelperExtension.cs: 1145 - Found 0 features of type [RefAxis] in Mecanum Wheel_diam76-1
2021-03-24 16:37:50,199 INFO  ExportHelperExtension.cs: 1125 - Retrieving features of type [RefAxis] from Plataforma_3-1
2021-03-24 16:37:50,200 INFO  ExportHelperExtension.cs: 1136 - Found 36 in Plataforma_3-1
2021-03-24 16:37:50,202 INFO  ExportHelperExtension.cs: 1145 - Found 0 features of type [RefAxis] in Plataforma_3-1
2021-03-24 16:37:50,203 INFO  ExportHelperExtension.cs: 1125 - Retrieving features of type [RefAxis] from Suport motor-3
2021-03-24 16:37:50,204 INFO  ExportHelperExtension.cs: 1136 - Found 34 in Suport motor-3
2021-03-24 16:37:50,205 INFO  ExportHelperExtension.cs: 1145 - Found 0 features of type [RefAxis] in Suport motor-3
2021-03-24 16:37:50,206 INFO  ExportHelperExtension.cs: 1125 - Retrieving features of type [RefAxis] from Suport motor 2-2
2021-03-24 16:37:50,207 INFO  ExportHelperExtension.cs: 1136 - Found 32 in Suport motor 2-2
2021-03-24 16:37:50,207 INFO  ExportHelperExtension.cs: 1145 - Found 0 features of type [RefAxis] in Suport motor 2-2
2021-03-24 16:37:50,208 INFO  ExportHelperExtension.cs: 1125 - Retrieving features of type [RefAxis] from Motor-2
2021-03-24 16:37:50,208 INFO  ExportHelperExtension.cs: 1136 - Found 46 in Motor-2
2021-03-24 16:37:50,209 INFO  ExportHelperExtension.cs: 1145 - Found 0 features of type [RefAxis] in Motor-2
2021-03-24 16:37:50,209 INFO  ExportHelperExtension.cs: 1125 - Retrieving features of type [RefAxis] from Motor-3
2021-03-24 16:37:50,210 INFO  ExportHelperExtension.cs: 1136 - Found 46 in Motor-3
2021-03-24 16:37:50,211 INFO  ExportHelperExtension.cs: 1145 - Found 0 features of type [RefAxis] in Motor-3
2021-03-24 16:37:50,211 INFO  ExportHelperExtension.cs: 1125 - Retrieving features of type [RefAxis] from Suport motor-2
2021-03-24 16:37:50,211 INFO  ExportHelperExtension.cs: 1136 - Found 34 in Suport motor-2
2021-03-24 16:37:50,212 INFO  ExportHelperExtension.cs: 1145 - Found 0 features of type [RefAxis] in Suport motor-2
2021-03-24 16:37:50,212 INFO  ExportHelperExtension.cs: 1125 - Retrieving features of type [RefAxis] from Motor-4
2021-03-24 16:37:50,213 INFO  ExportHelperExtension.cs: 1136 - Found 46 in Motor-4
2021-03-24 16:37:50,214 INFO  ExportHelperExtension.cs: 1145 - Found 0 features of type [RefAxis] in Motor-4
2021-03-24 16:37:50,214 INFO  ExportHelperExtension.cs: 1125 - Retrieving features of type [RefAxis] from Suport motor-4
2021-03-24 16:37:50,214 INFO  ExportHelperExtension.cs: 1136 - Found 34 in Suport motor-4
2021-03-24 16:37:50,215 INFO  ExportHelperExtension.cs: 1145 - Found 0 features of type [RefAxis] in Suport motor-4
2021-03-24 16:37:50,215 INFO  ExportHelperExtension.cs: 1125 - Retrieving features of type [RefAxis] from Suport motor 2-1
2021-03-24 16:37:50,216 INFO  ExportHelperExtension.cs: 1136 - Found 32 in Suport motor 2-1
2021-03-24 16:37:50,216 INFO  ExportHelperExtension.cs: 1145 - Found 0 features of type [RefAxis] in Suport motor 2-1
2021-03-24 16:37:50,792 INFO  SwAddin.cs: 339 - Loading config tree
2021-03-24 16:37:50,797 INFO  ExportPropertyManagerExtension.cs: 520 - Starting new configuration
2021-03-24 16:37:50,802 INFO  SwAddin.cs: 344 - Showing property manager
2021-03-24 16:37:55,608 INFO  ExportPropertyManager.cs: 1142 - AfterClose called. This method no longer throws an Exception. It just silently does nothing. Ok, except for this logging message
2021-03-24 16:39:42,565 INFO  SwAddin.cs: 294 - Assembly export called for file Prototip_2
2021-03-24 16:39:44,060 INFO  SwAddin.cs: 313 - Saving assembly
2021-03-24 16:39:44,266 INFO  SwAddin.cs: 316 - Opening property manager
2021-03-24 16:39:44,266 INFO  ExportHelperExtension.cs: 1125 - Retrieving features of type [CoordSys] from Prototip_2
2021-03-24 16:39:44,267 INFO  ExportHelperExtension.cs: 1136 - Found 97 in Prototip_2
2021-03-24 16:39:44,268 INFO  ExportHelperExtension.cs: 1145 - Found 0 features of type [CoordSys] in Prototip_2
2021-03-24 16:39:44,268 INFO  ExportHelperExtension.cs: 1148 - Proceeding through assembly components
2021-03-24 16:39:44,268 INFO  ExportHelperExtension.cs: 1160 - 20 components to check
2021-03-24 16:39:44,269 INFO  ExportHelperExtension.cs: 1125 - Retrieving features of type [CoordSys] from Plataforma_1-1
2021-03-24 16:39:44,269 INFO  ExportHelperExtension.cs: 1136 - Found 35 in Plataforma_1-1
2021-03-24 16:39:44,270 INFO  ExportHelperExtension.cs: 1145 - Found 0 features of type [CoordSys] in Plataforma_1-1
2021-03-24 16:39:44,272 INFO  ExportHelperExtension.cs: 1125 - Retrieving features of type [CoordSys] from Plataforma_2-1
2021-03-24 16:39:44,359 INFO  ExportHelperExtension.cs: 1136 - Found 36 in Plataforma_2-1
2021-03-24 16:39:44,359 INFO  ExportHelperExtension.cs: 1145 - Found 0 features of type [CoordSys] in Plataforma_2-1
2021-03-24 16:39:44,359 INFO  ExportHelperExtension.cs: 1125 - Retrieving features of type [CoordSys] from Plataforma_3-1
2021-03-24 16:39:44,360 INFO  ExportHelperExtension.cs: 1136 - Found 36 in Plataforma_3-1
2021-03-24 16:39:44,360 INFO  ExportHelperExtension.cs: 1145 - Found 0 features of type [CoordSys] in Plataforma_3-1
2021-03-24 16:39:44,360 INFO  ExportHelperExtension.cs: 1125 - Retrieving features of type [CoordSys] from Suport motor-3
2021-03-24 16:39:44,360 INFO  ExportHelperExtension.cs: 1136 - Found 34 in Suport motor-3
2021-03-24 16:39:44,362 INFO  ExportHelperExtension.cs: 1145 - Found 0 features of type [CoordSys] in Suport motor-3
2021-03-24 16:39:44,362 INFO  ExportHelperExtension.cs: 1125 - Retrieving features of type [CoordSys] from Suport motor 2-2
2021-03-24 16:39:44,362 INFO  ExportHelperExtension.cs: 1136 - Found 32 in Suport motor 2-2
2021-03-24 16:39:44,363 INFO  ExportHelperExtension.cs: 1145 - Found 0 features of type [CoordSys] in Suport motor 2-2
2021-03-24 16:39:44,363 INFO  ExportHelperExtension.cs: 1125 - Retrieving features of type [CoordSys] from Suport motor-4
2021-03-24 16:39:44,363 INFO  ExportHelperExtension.cs: 1136 - Found 34 in Suport motor-4
2021-03-24 16:39:44,363 INFO  ExportHelperExtension.cs: 1145 - Found 0 features of type [CoordSys] in Suport motor-4
2021-03-24 16:39:44,364 INFO  ExportHelperExtension.cs: 1125 - Retrieving features of type [CoordSys] from Plataforma_4-1
2021-03-24 16:39:44,364 INFO  ExportHelperExtension.cs: 1136 - Found 37 in Plataforma_4-1
2021-03-24 16:39:44,364 INFO  ExportHelperExtension.cs: 1145 - Found 0 features of type [CoordSys] in Plataforma_4-1
2021-03-24 16:39:44,365 INFO  ExportHelperExtension.cs: 1125 - Retrieving features of type [CoordSys] from Motor-4
2021-03-24 16:39:44,365 INFO  ExportHelperExtension.cs: 1136 - Found 46 in Motor-4
2021-03-24 16:39:44,365 INFO  ExportHelperExtension.cs: 1145 - Found 0 features of type [CoordSys] in Motor-4
2021-03-24 16:39:44,366 INFO  ExportHelperExtension.cs: 1125 - Retrieving features of type [CoordSys] from Mecanum Wheel_diam76-1
2021-03-24 16:39:44,366 INFO  ExportHelperExtension.cs: 1136 - Found 75 in Mecanum Wheel_diam76-1
2021-03-24 16:39:44,367 INFO  ExportHelperExtension.cs: 1145 - Found 0 features of type [CoordSys] in Mecanum Wheel_diam76-1
2021-03-24 16:39:44,367 INFO  ExportHelperExtension.cs: 1125 - Retrieving features of type [CoordSys] from Mecanum Wheel_diam76-3
2021-03-24 16:39:44,367 INFO  ExportHelperExtension.cs: 1136 - Found 75 in Mecanum Wheel_diam76-3
2021-03-24 16:39:44,367 INFO  ExportHelperExtension.cs: 1145 - Found 0 features of type [CoordSys] in Mecanum Wheel_diam76-3
2021-03-24 16:39:44,368 INFO  ExportHelperExtension.cs: 1125 - Retrieving features of type [CoordSys] from Mecanum Wheel_diam76-4
2021-03-24 16:39:44,368 INFO  ExportHelperExtension.cs: 1136 - Found 75 in Mecanum Wheel_diam76-4
2021-03-24 16:39:44,368 INFO  ExportHelperExtension.cs: 1145 - Found 0 features of type [CoordSys] in Mecanum Wheel_diam76-4
2021-03-24 16:39:44,369 INFO  ExportHelperExtension.cs: 1125 - Retrieving features of type [CoordSys] from Suport motor 2-1
2021-03-24 16:39:44,369 INFO  ExportHelperExtension.cs: 1136 - Found 32 in Suport motor 2-1
2021-03-24 16:39:44,369 INFO  ExportHelperExtension.cs: 1145 - Found 0 features of type [CoordSys] in Suport motor 2-1
2021-03-24 16:39:44,370 INFO  ExportHelperExtension.cs: 1125 - Retrieving features of type [CoordSys] from Motor-2
2021-03-24 16:39:44,370 INFO  ExportHelperExtension.cs: 1136 - Found 46 in Motor-2
2021-03-24 16:39:44,370 INFO  ExportHelperExtension.cs: 1145 - Found 0 features of type [CoordSys] in Motor-2
2021-03-24 16:39:44,370 INFO  ExportHelperExtension.cs: 1125 - Retrieving features of type [CoordSys] from Mecanum Wheel_diam76-2
2021-03-24 16:39:44,371 INFO  ExportHelperExtension.cs: 1136 - Found 75 in Mecanum Wheel_diam76-2
2021-03-24 16:39:44,371 INFO  ExportHelperExtension.cs: 1145 - Found 0 features of type [CoordSys] in Mecanum Wheel_diam76-2
2021-03-24 16:39:44,371 INFO  ExportHelperExtension.cs: 1125 - Retrieving features of type [CoordSys] from Suport motor-2
2021-03-24 16:39:44,372 INFO  ExportHelperExtension.cs: 1136 - Found 34 in Suport motor-2
2021-03-24 16:39:44,372 INFO  ExportHelperExtension.cs: 1145 - Found 0 features of type [CoordSys] in Suport motor-2
2021-03-24 16:39:44,372 INFO  ExportHelperExtension.cs: 1125 - Retrieving features of type [CoordSys] from Motor-1
2021-03-24 16:39:44,373 INFO  ExportHelperExtension.cs: 1136 - Found 46 in Motor-1
2021-03-24 16:39:44,373 INFO  ExportHelperExtension.cs: 1145 - Found 0 features of type [CoordSys] in Motor-1
2021-03-24 16:39:44,373 INFO  ExportHelperExtension.cs: 1125 - Retrieving features of type [CoordSys] from Lidar amb suport-1
2021-03-24 16:39:44,374 INFO  ExportHelperExtension.cs: 1136 - Found 29 in Lidar amb suport-1
2021-03-24 16:39:44,374 INFO  ExportHelperExtension.cs: 1145 - Found 0 features of type [CoordSys] in Lidar amb suport-1
2021-03-24 16:39:44,374 INFO  ExportHelperExtension.cs: 1125 - Retrieving features of type [CoordSys] from Suport motor-1
2021-03-24 16:39:44,375 INFO  ExportHelperExtension.cs: 1136 - Found 34 in Suport motor-1
2021-03-24 16:39:44,375 INFO  ExportHelperExtension.cs: 1145 - Found 0 features of type [CoordSys] in Suport motor-1
2021-03-24 16:39:44,375 INFO  ExportHelperExtension.cs: 1125 - Retrieving features of type [CoordSys] from Coberta-1
2021-03-24 16:39:44,375 INFO  ExportHelperExtension.cs: 1136 - Found 32 in Coberta-1
2021-03-24 16:39:44,376 INFO  ExportHelperExtension.cs: 1145 - Found 0 features of type [CoordSys] in Coberta-1
2021-03-24 16:39:44,376 INFO  ExportHelperExtension.cs: 1125 - Retrieving features of type [CoordSys] from Motor-3
2021-03-24 16:39:44,376 INFO  ExportHelperExtension.cs: 1136 - Found 46 in Motor-3
2021-03-24 16:39:44,377 INFO  ExportHelperExtension.cs: 1145 - Found 0 features of type [CoordSys] in Motor-3
2021-03-24 16:39:44,377 INFO  ExportHelperExtension.cs: 1125 - Retrieving features of type [RefAxis] from Prototip_2
2021-03-24 16:39:44,377 INFO  ExportHelperExtension.cs: 1136 - Found 97 in Prototip_2
2021-03-24 16:39:44,378 INFO  ExportHelperExtension.cs: 1145 - Found 0 features of type [RefAxis] in Prototip_2
2021-03-24 16:39:44,378 INFO  ExportHelperExtension.cs: 1148 - Proceeding through assembly components
2021-03-24 16:39:44,378 INFO  ExportHelperExtension.cs: 1160 - 20 components to check
2021-03-24 16:39:44,379 INFO  ExportHelperExtension.cs: 1125 - Retrieving features of type [RefAxis] from Plataforma_1-1
2021-03-24 16:39:44,379 INFO  ExportHelperExtension.cs: 1136 - Found 35 in Plataforma_1-1
2021-03-24 16:39:44,379 INFO  ExportHelperExtension.cs: 1145 - Found 0 features of type [RefAxis] in Plataforma_1-1
2021-03-24 16:39:44,379 INFO  ExportHelperExtension.cs: 1125 - Retrieving features of type [RefAxis] from Plataforma_2-1
2021-03-24 16:39:44,380 INFO  ExportHelperExtension.cs: 1136 - Found 36 in Plataforma_2-1
2021-03-24 16:39:44,380 INFO  ExportHelperExtension.cs: 1145 - Found 0 features of type [RefAxis] in Plataforma_2-1
2021-03-24 16:39:44,380 INFO  ExportHelperExtension.cs: 1125 - Retrieving features of type [RefAxis] from Plataforma_3-1
2021-03-24 16:39:44,381 INFO  ExportHelperExtension.cs: 1136 - Found 36 in Plataforma_3-1
2021-03-24 16:39:44,381 INFO  ExportHelperExtension.cs: 1145 - Found 0 features of type [RefAxis] in Plataforma_3-1
2021-03-24 16:39:44,381 INFO  ExportHelperExtension.cs: 1125 - Retrieving features of type [RefAxis] from Suport motor-3
2021-03-24 16:39:44,381 INFO  ExportHelperExtension.cs: 1136 - Found 34 in Suport motor-3
2021-03-24 16:39:44,382 INFO  ExportHelperExtension.cs: 1145 - Found 0 features of type [RefAxis] in Suport motor-3
2021-03-24 16:39:44,382 INFO  ExportHelperExtension.cs: 1125 - Retrieving features of type [RefAxis] from Suport motor 2-2
2021-03-24 16:39:44,382 INFO  ExportHelperExtension.cs: 1136 - Found 32 in Suport motor 2-2
2021-03-24 16:39:44,383 INFO  ExportHelperExtension.cs: 1145 - Found 0 features of type [RefAxis] in Suport motor 2-2
2021-03-24 16:39:44,383 INFO  ExportHelperExtension.cs: 1125 - Retrieving features of type [RefAxis] from Suport motor-4
2021-03-24 16:39:44,383 INFO  ExportHelperExtension.cs: 1136 - Found 34 in Suport motor-4
2021-03-24 16:39:44,384 INFO  ExportHelperExtension.cs: 1145 - Found 0 features of type [RefAxis] in Suport motor-4
2021-03-24 16:39:44,384 INFO  ExportHelperExtension.cs: 1125 - Retrieving features of type [RefAxis] from Plataforma_4-1
2021-03-24 16:39:44,384 INFO  ExportHelperExtension.cs: 1136 - Found 37 in Plataforma_4-1
2021-03-24 16:39:44,384 INFO  ExportHelperExtension.cs: 1145 - Found 0 features of type [RefAxis] in Plataforma_4-1
2021-03-24 16:39:44,385 INFO  ExportHelperExtension.cs: 1125 - Retrieving features of type [RefAxis] from Motor-4
2021-03-24 16:39:44,385 INFO  ExportHelperExtension.cs: 1136 - Found 46 in Motor-4
2021-03-24 16:39:44,385 INFO  ExportHelperExtension.cs: 1145 - Found 0 features of type [RefAxis] in Motor-4
2021-03-24 16:39:44,386 INFO  ExportHelperExtension.cs: 1125 - Retrieving features of type [RefAxis] from Mecanum Wheel_diam76-1
2021-03-24 16:39:44,386 INFO  ExportHelperExtension.cs: 1136 - Found 75 in Mecanum Wheel_diam76-1
2021-03-24 16:39:44,386 INFO  ExportHelperExtension.cs: 1145 - Found 0 features of type [RefAxis] in Mecanum Wheel_diam76-1
2021-03-24 16:39:44,387 INFO  ExportHelperExtension.cs: 1125 - Retrieving features of type [RefAxis] from Mecanum Wheel_diam76-3
2021-03-24 16:39:44,387 INFO  ExportHelperExtension.cs: 1136 - Found 75 in Mecanum Wheel_diam76-3
2021-03-24 16:39:44,387 INFO  ExportHelperExtension.cs: 1145 - Found 0 features of type [RefAxis] in Mecanum Wheel_diam76-3
2021-03-24 16:39:44,388 INFO  ExportHelperExtension.cs: 1125 - Retrieving features of type [RefAxis] from Mecanum Wheel_diam76-4
2021-03-24 16:39:44,388 INFO  ExportHelperExtension.cs: 1136 - Found 75 in Mecanum Wheel_diam76-4
2021-03-24 16:39:44,388 INFO  ExportHelperExtension.cs: 1145 - Found 0 features of type [RefAxis] in Mecanum Wheel_diam76-4
2021-03-24 16:39:44,389 INFO  ExportHelperExtension.cs: 1125 - Retrieving features of type [RefAxis] from Suport motor 2-1
2021-03-24 16:39:44,389 INFO  ExportHelperExtension.cs: 1136 - Found 32 in Suport motor 2-1
2021-03-24 16:39:44,389 INFO  ExportHelperExtension.cs: 1145 - Found 0 features of type [RefAxis] in Suport motor 2-1
2021-03-24 16:39:44,389 INFO  ExportHelperExtension.cs: 1125 - Retrieving features of type [RefAxis] from Motor-2
2021-03-24 16:39:44,390 INFO  ExportHelperExtension.cs: 1136 - Found 46 in Motor-2
2021-03-24 16:39:44,390 INFO  ExportHelperExtension.cs: 1145 - Found 0 features of type [RefAxis] in Motor-2
2021-03-24 16:39:44,390 INFO  ExportHelperExtension.cs: 1125 - Retrieving features of type [RefAxis] from Mecanum Wheel_diam76-2
2021-03-24 16:39:44,391 INFO  ExportHelperExtension.cs: 1136 - Found 75 in Mecanum Wheel_diam76-2
2021-03-24 16:39:44,391 INFO  ExportHelperExtension.cs: 1145 - Found 0 features of type [RefAxis] in Mecanum Wheel_diam76-2
2021-03-24 16:39:44,391 INFO  ExportHelperExtension.cs: 1125 - Retrieving features of type [RefAxis] from Suport motor-2
2021-03-24 16:39:44,392 INFO  ExportHelperExtension.cs: 1136 - Found 34 in Suport motor-2
2021-03-24 16:39:44,392 INFO  ExportHelperExtension.cs: 1145 - Found 0 features of type [RefAxis] in Suport motor-2
2021-03-24 16:39:44,394 INFO  ExportHelperExtension.cs: 1125 - Retrieving features of type [RefAxis] from Motor-1
2021-03-24 16:39:44,404 INFO  ExportHelperExtension.cs: 1136 - Found 46 in Motor-1
2021-03-24 16:39:44,404 INFO  ExportHelperExtension.cs: 1145 - Found 0 features of type [RefAxis] in Motor-1
2021-03-24 16:39:44,404 INFO  ExportHelperExtension.cs: 1125 - Retrieving features of type [RefAxis] from Lidar amb suport-1
2021-03-24 16:39:44,405 INFO  ExportHelperExtension.cs: 1136 - Found 29 in Lidar amb suport-1
2021-03-24 16:39:44,405 INFO  ExportHelperExtension.cs: 1145 - Found 0 features of type [RefAxis] in Lidar amb suport-1
2021-03-24 16:39:44,405 INFO  ExportHelperExtension.cs: 1125 - Retrieving features of type [RefAxis] from Suport motor-1
2021-03-24 16:39:44,406 INFO  ExportHelperExtension.cs: 1136 - Found 34 in Suport motor-1
2021-03-24 16:39:44,406 INFO  ExportHelperExtension.cs: 1145 - Found 0 features of type [RefAxis] in Suport motor-1
2021-03-24 16:39:44,406 INFO  ExportHelperExtension.cs: 1125 - Retrieving features of type [RefAxis] from Coberta-1
2021-03-24 16:39:44,407 INFO  ExportHelperExtension.cs: 1136 - Found 32 in Coberta-1
2021-03-24 16:39:44,407 INFO  ExportHelperExtension.cs: 1145 - Found 0 features of type [RefAxis] in Coberta-1
2021-03-24 16:39:44,407 INFO  ExportHelperExtension.cs: 1125 - Retrieving features of type [RefAxis] from Motor-3
2021-03-24 16:39:44,407 INFO  ExportHelperExtension.cs: 1136 - Found 46 in Motor-3
2021-03-24 16:39:44,408 INFO  ExportHelperExtension.cs: 1145 - Found 0 features of type [RefAxis] in Motor-3
2021-03-24 16:39:44,828 INFO  SwAddin.cs: 339 - Loading config tree
2021-03-24 16:39:44,828 INFO  ExportPropertyManagerExtension.cs: 520 - Starting new configuration
2021-03-24 16:39:44,830 INFO  SwAddin.cs: 344 - Showing property manager
2021-03-24 16:40:31,731 INFO  ExportPropertyManager.cs: 422 - Configuration saved
2021-03-24 16:40:34,625 INFO  ExportHelperExtension.cs: 1125 - Retrieving features of type [CoordSys] from Prototip_2
2021-03-24 16:40:34,629 INFO  ExportHelperExtension.cs: 1136 - Found 100 in Prototip_2
2021-03-24 16:40:34,630 INFO  ExportHelperExtension.cs: 1145 - Found 1 features of type [CoordSys] in Prototip_2
2021-03-24 16:40:34,630 INFO  ExportHelperExtension.cs: 1148 - Proceeding through assembly components
2021-03-24 16:40:34,630 INFO  ExportHelperExtension.cs: 1160 - 20 components to check
2021-03-24 16:40:34,631 INFO  ExportHelperExtension.cs: 1125 - Retrieving features of type [CoordSys] from Plataforma_1-1
2021-03-24 16:40:34,631 INFO  ExportHelperExtension.cs: 1136 - Found 35 in Plataforma_1-1
2021-03-24 16:40:34,632 INFO  ExportHelperExtension.cs: 1145 - Found 0 features of type [CoordSys] in Plataforma_1-1
2021-03-24 16:40:34,632 INFO  ExportHelperExtension.cs: 1125 - Retrieving features of type [CoordSys] from Plataforma_2-1
2021-03-24 16:40:34,632 INFO  ExportHelperExtension.cs: 1136 - Found 36 in Plataforma_2-1
2021-03-24 16:40:34,633 INFO  ExportHelperExtension.cs: 1145 - Found 0 features of type [CoordSys] in Plataforma_2-1
2021-03-24 16:40:34,633 INFO  ExportHelperExtension.cs: 1125 - Retrieving features of type [CoordSys] from Plataforma_3-1
2021-03-24 16:40:34,633 INFO  ExportHelperExtension.cs: 1136 - Found 36 in Plataforma_3-1
2021-03-24 16:40:34,634 INFO  ExportHelperExtension.cs: 1145 - Found 0 features of type [CoordSys] in Plataforma_3-1
2021-03-24 16:40:34,634 INFO  ExportHelperExtension.cs: 1125 - Retrieving features of type [CoordSys] from Suport motor-3
2021-03-24 16:40:34,634 INFO  ExportHelperExtension.cs: 1136 - Found 34 in Suport motor-3
2021-03-24 16:40:34,635 INFO  ExportHelperExtension.cs: 1145 - Found 0 features of type [CoordSys] in Suport motor-3
2021-03-24 16:40:34,635 INFO  ExportHelperExtension.cs: 1125 - Retrieving features of type [CoordSys] from Suport motor 2-2
2021-03-24 16:40:34,635 INFO  ExportHelperExtension.cs: 1136 - Found 32 in Suport motor 2-2
2021-03-24 16:40:34,636 INFO  ExportHelperExtension.cs: 1145 - Found 0 features of type [CoordSys] in Suport motor 2-2
2021-03-24 16:40:34,636 INFO  ExportHelperExtension.cs: 1125 - Retrieving features of type [CoordSys] from Suport motor-4
2021-03-24 16:40:34,636 INFO  ExportHelperExtension.cs: 1136 - Found 34 in Suport motor-4
2021-03-24 16:40:34,637 INFO  ExportHelperExtension.cs: 1145 - Found 0 features of type [CoordSys] in Suport motor-4
2021-03-24 16:40:34,637 INFO  ExportHelperExtension.cs: 1125 - Retrieving features of type [CoordSys] from Plataforma_4-1
2021-03-24 16:40:34,637 INFO  ExportHelperExtension.cs: 1136 - Found 37 in Plataforma_4-1
2021-03-24 16:40:34,638 INFO  ExportHelperExtension.cs: 1145 - Found 0 features of type [CoordSys] in Plataforma_4-1
2021-03-24 16:40:34,638 INFO  ExportHelperExtension.cs: 1125 - Retrieving features of type [CoordSys] from Motor-4
2021-03-24 16:40:34,638 INFO  ExportHelperExtension.cs: 1136 - Found 46 in Motor-4
2021-03-24 16:40:34,639 INFO  ExportHelperExtension.cs: 1145 - Found 0 features of type [CoordSys] in Motor-4
2021-03-24 16:40:34,639 INFO  ExportHelperExtension.cs: 1125 - Retrieving features of type [CoordSys] from Mecanum Wheel_diam76-1
2021-03-24 16:40:34,639 INFO  ExportHelperExtension.cs: 1136 - Found 75 in Mecanum Wheel_diam76-1
2021-03-24 16:40:34,640 INFO  ExportHelperExtension.cs: 1145 - Found 0 features of type [CoordSys] in Mecanum Wheel_diam76-1
2021-03-24 16:40:34,640 INFO  ExportHelperExtension.cs: 1125 - Retrieving features of type [CoordSys] from Mecanum Wheel_diam76-3
2021-03-24 16:40:34,640 INFO  ExportHelperExtension.cs: 1136 - Found 75 in Mecanum Wheel_diam76-3
2021-03-24 16:40:34,641 INFO  ExportHelperExtension.cs: 1145 - Found 0 features of type [CoordSys] in Mecanum Wheel_diam76-3
2021-03-24 16:40:34,641 INFO  ExportHelperExtension.cs: 1125 - Retrieving features of type [CoordSys] from Mecanum Wheel_diam76-4
2021-03-24 16:40:34,641 INFO  ExportHelperExtension.cs: 1136 - Found 75 in Mecanum Wheel_diam76-4
2021-03-24 16:40:34,642 INFO  ExportHelperExtension.cs: 1145 - Found 0 features of type [CoordSys] in Mecanum Wheel_diam76-4
2021-03-24 16:40:34,642 INFO  ExportHelperExtension.cs: 1125 - Retrieving features of type [CoordSys] from Suport motor 2-1
2021-03-24 16:40:34,643 INFO  ExportHelperExtension.cs: 1136 - Found 32 in Suport motor 2-1
2021-03-24 16:40:34,643 INFO  ExportHelperExtension.cs: 1145 - Found 0 features of type [CoordSys] in Suport motor 2-1
2021-03-24 16:40:34,643 INFO  ExportHelperExtension.cs: 1125 - Retrieving features of type [CoordSys] from Motor-2
2021-03-24 16:40:34,644 INFO  ExportHelperExtension.cs: 1136 - Found 46 in Motor-2
2021-03-24 16:40:34,644 INFO  ExportHelperExtension.cs: 1145 - Found 0 features of type [CoordSys] in Motor-2
2021-03-24 16:40:34,644 INFO  ExportHelperExtension.cs: 1125 - Retrieving features of type [CoordSys] from Mecanum Wheel_diam76-2
2021-03-24 16:40:34,645 INFO  ExportHelperExtension.cs: 1136 - Found 75 in Mecanum Wheel_diam76-2
2021-03-24 16:40:34,645 INFO  ExportHelperExtension.cs: 1145 - Found 0 features of type [CoordSys] in Mecanum Wheel_diam76-2
2021-03-24 16:40:34,645 INFO  ExportHelperExtension.cs: 1125 - Retrieving features of type [CoordSys] from Suport motor-2
2021-03-24 16:40:34,720 INFO  ExportHelperExtension.cs: 1136 - Found 34 in Suport motor-2
2021-03-24 16:40:34,720 INFO  ExportHelperExtension.cs: 1145 - Found 0 features of type [CoordSys] in Suport motor-2
2021-03-24 16:40:34,721 INFO  ExportHelperExtension.cs: 1125 - Retrieving features of type [CoordSys] from Motor-1
2021-03-24 16:40:34,721 INFO  ExportHelperExtension.cs: 1136 - Found 46 in Motor-1
2021-03-24 16:40:34,721 INFO  ExportHelperExtension.cs: 1145 - Found 0 features of type [CoordSys] in Motor-1
2021-03-24 16:40:34,722 INFO  ExportHelperExtension.cs: 1125 - Retrieving features of type [CoordSys] from Lidar amb suport-1
2021-03-24 16:40:34,722 INFO  ExportHelperExtension.cs: 1136 - Found 29 in Lidar amb suport-1
2021-03-24 16:40:34,722 INFO  ExportHelperExtension.cs: 1145 - Found 0 features of type [CoordSys] in Lidar amb suport-1
2021-03-24 16:40:34,723 INFO  ExportHelperExtension.cs: 1125 - Retrieving features of type [CoordSys] from Suport motor-1
2021-03-24 16:40:34,723 INFO  ExportHelperExtension.cs: 1136 - Found 34 in Suport motor-1
2021-03-24 16:40:34,723 INFO  ExportHelperExtension.cs: 1145 - Found 0 features of type [CoordSys] in Suport motor-1
2021-03-24 16:40:34,724 INFO  ExportHelperExtension.cs: 1125 - Retrieving features of type [CoordSys] from Coberta-1
2021-03-24 16:40:34,724 INFO  ExportHelperExtension.cs: 1136 - Found 32 in Coberta-1
2021-03-24 16:40:34,724 INFO  ExportHelperExtension.cs: 1145 - Found 0 features of type [CoordSys] in Coberta-1
2021-03-24 16:40:34,725 INFO  ExportHelperExtension.cs: 1125 - Retrieving features of type [CoordSys] from Motor-3
2021-03-24 16:40:34,725 INFO  ExportHelperExtension.cs: 1136 - Found 46 in Motor-3
2021-03-24 16:40:34,725 INFO  ExportHelperExtension.cs: 1145 - Found 0 features of type [CoordSys] in Motor-3
2021-03-24 16:40:34,726 INFO  ExportHelperExtension.cs: 1125 - Retrieving features of type [RefAxis] from Prototip_2
2021-03-24 16:40:34,726 INFO  ExportHelperExtension.cs: 1136 - Found 100 in Prototip_2
2021-03-24 16:40:34,726 INFO  ExportHelperExtension.cs: 1145 - Found 0 features of type [RefAxis] in Prototip_2
2021-03-24 16:40:34,727 INFO  ExportHelperExtension.cs: 1148 - Proceeding through assembly components
2021-03-24 16:40:34,727 INFO  ExportHelperExtension.cs: 1160 - 20 components to check
2021-03-24 16:40:34,727 INFO  ExportHelperExtension.cs: 1125 - Retrieving features of type [RefAxis] from Plataforma_1-1
2021-03-24 16:40:34,728 INFO  ExportHelperExtension.cs: 1136 - Found 35 in Plataforma_1-1
2021-03-24 16:40:34,728 INFO  ExportHelperExtension.cs: 1145 - Found 0 features of type [RefAxis] in Plataforma_1-1
2021-03-24 16:40:34,728 INFO  ExportHelperExtension.cs: 1125 - Retrieving features of type [RefAxis] from Plataforma_2-1
2021-03-24 16:40:34,729 INFO  ExportHelperExtension.cs: 1136 - Found 36 in Plataforma_2-1
2021-03-24 16:40:34,729 INFO  ExportHelperExtension.cs: 1145 - Found 0 features of type [RefAxis] in Plataforma_2-1
2021-03-24 16:40:34,729 INFO  ExportHelperExtension.cs: 1125 - Retrieving features of type [RefAxis] from Plataforma_3-1
2021-03-24 16:40:34,730 INFO  ExportHelperExtension.cs: 1136 - Found 36 in Plataforma_3-1
2021-03-24 16:40:34,730 INFO  ExportHelperExtension.cs: 1145 - Found 0 features of type [RefAxis] in Plataforma_3-1
2021-03-24 16:40:34,730 INFO  ExportHelperExtension.cs: 1125 - Retrieving features of type [RefAxis] from Suport motor-3
2021-03-24 16:40:34,731 INFO  ExportHelperExtension.cs: 1136 - Found 34 in Suport motor-3
2021-03-24 16:40:34,731 INFO  ExportHelperExtension.cs: 1145 - Found 0 features of type [RefAxis] in Suport motor-3
2021-03-24 16:40:34,731 INFO  ExportHelperExtension.cs: 1125 - Retrieving features of type [RefAxis] from Suport motor 2-2
2021-03-24 16:40:34,732 INFO  ExportHelperExtension.cs: 1136 - Found 32 in Suport motor 2-2
2021-03-24 16:40:34,732 INFO  ExportHelperExtension.cs: 1145 - Found 0 features of type [RefAxis] in Suport motor 2-2
2021-03-24 16:40:34,732 INFO  ExportHelperExtension.cs: 1125 - Retrieving features of type [RefAxis] from Suport motor-4
2021-03-24 16:40:34,733 INFO  ExportHelperExtension.cs: 1136 - Found 34 in Suport motor-4
2021-03-24 16:40:34,733 INFO  ExportHelperExtension.cs: 1145 - Found 0 features of type [RefAxis] in Suport motor-4
2021-03-24 16:40:34,733 INFO  ExportHelperExtension.cs: 1125 - Retrieving features of type [RefAxis] from Plataforma_4-1
2021-03-24 16:40:34,733 INFO  ExportHelperExtension.cs: 1136 - Found 37 in Plataforma_4-1
2021-03-24 16:40:34,734 INFO  ExportHelperExtension.cs: 1145 - Found 0 features of type [RefAxis] in Plataforma_4-1
2021-03-24 16:40:34,734 INFO  ExportHelperExtension.cs: 1125 - Retrieving features of type [RefAxis] from Motor-4
2021-03-24 16:40:34,735 INFO  ExportHelperExtension.cs: 1136 - Found 46 in Motor-4
2021-03-24 16:40:34,735 INFO  ExportHelperExtension.cs: 1145 - Found 0 features of type [RefAxis] in Motor-4
2021-03-24 16:40:34,735 INFO  ExportHelperExtension.cs: 1125 - Retrieving features of type [RefAxis] from Mecanum Wheel_diam76-1
2021-03-24 16:40:34,736 INFO  ExportHelperExtension.cs: 1136 - Found 75 in Mecanum Wheel_diam76-1
2021-03-24 16:40:34,736 INFO  ExportHelperExtension.cs: 1145 - Found 0 features of type [RefAxis] in Mecanum Wheel_diam76-1
2021-03-24 16:40:34,736 INFO  ExportHelperExtension.cs: 1125 - Retrieving features of type [RefAxis] from Mecanum Wheel_diam76-3
2021-03-24 16:40:34,737 INFO  ExportHelperExtension.cs: 1136 - Found 75 in Mecanum Wheel_diam76-3
2021-03-24 16:40:34,737 INFO  ExportHelperExtension.cs: 1145 - Found 0 features of type [RefAxis] in Mecanum Wheel_diam76-3
2021-03-24 16:40:34,737 INFO  ExportHelperExtension.cs: 1125 - Retrieving features of type [RefAxis] from Mecanum Wheel_diam76-4
2021-03-24 16:40:34,738 INFO  ExportHelperExtension.cs: 1136 - Found 75 in Mecanum Wheel_diam76-4
2021-03-24 16:40:34,738 INFO  ExportHelperExtension.cs: 1145 - Found 0 features of type [RefAxis] in Mecanum Wheel_diam76-4
2021-03-24 16:40:34,738 INFO  ExportHelperExtension.cs: 1125 - Retrieving features of type [RefAxis] from Suport motor 2-1
2021-03-24 16:40:34,739 INFO  ExportHelperExtension.cs: 1136 - Found 32 in Suport motor 2-1
2021-03-24 16:40:34,739 INFO  ExportHelperExtension.cs: 1145 - Found 0 features of type [RefAxis] in Suport motor 2-1
2021-03-24 16:40:34,739 INFO  ExportHelperExtension.cs: 1125 - Retrieving features of type [RefAxis] from Motor-2
2021-03-24 16:40:34,740 INFO  ExportHelperExtension.cs: 1136 - Found 46 in Motor-2
2021-03-24 16:40:34,740 INFO  ExportHelperExtension.cs: 1145 - Found 0 features of type [RefAxis] in Motor-2
2021-03-24 16:40:34,740 INFO  ExportHelperExtension.cs: 1125 - Retrieving features of type [RefAxis] from Mecanum Wheel_diam76-2
2021-03-24 16:40:34,741 INFO  ExportHelperExtension.cs: 1136 - Found 75 in Mecanum Wheel_diam76-2
2021-03-24 16:40:34,741 INFO  ExportHelperExtension.cs: 1145 - Found 0 features of type [RefAxis] in Mecanum Wheel_diam76-2
2021-03-24 16:40:34,742 INFO  ExportHelperExtension.cs: 1125 - Retrieving features of type [RefAxis] from Suport motor-2
2021-03-24 16:40:34,742 INFO  ExportHelperExtension.cs: 1136 - Found 34 in Suport motor-2
2021-03-24 16:40:34,742 INFO  ExportHelperExtension.cs: 1145 - Found 0 features of type [RefAxis] in Suport motor-2
2021-03-24 16:40:34,742 INFO  ExportHelperExtension.cs: 1125 - Retrieving features of type [RefAxis] from Motor-1
2021-03-24 16:40:34,743 INFO  ExportHelperExtension.cs: 1136 - Found 46 in Motor-1
2021-03-24 16:40:34,743 INFO  ExportHelperExtension.cs: 1145 - Found 0 features of type [RefAxis] in Motor-1
2021-03-24 16:40:34,744 INFO  ExportHelperExtension.cs: 1125 - Retrieving features of type [RefAxis] from Lidar amb suport-1
2021-03-24 16:40:34,744 INFO  ExportHelperExtension.cs: 1136 - Found 29 in Lidar amb suport-1
2021-03-24 16:40:34,744 INFO  ExportHelperExtension.cs: 1145 - Found 0 features of type [RefAxis] in Lidar amb suport-1
2021-03-24 16:40:34,744 INFO  ExportHelperExtension.cs: 1125 - Retrieving features of type [RefAxis] from Suport motor-1
2021-03-24 16:40:34,745 INFO  ExportHelperExtension.cs: 1136 - Found 34 in Suport motor-1
2021-03-24 16:40:34,745 INFO  ExportHelperExtension.cs: 1145 - Found 0 features of type [RefAxis] in Suport motor-1
2021-03-24 16:40:34,745 INFO  ExportHelperExtension.cs: 1125 - Retrieving features of type [RefAxis] from Coberta-1
2021-03-24 16:40:34,746 INFO  ExportHelperExtension.cs: 1136 - Found 32 in Coberta-1
2021-03-24 16:40:34,746 INFO  ExportHelperExtension.cs: 1145 - Found 0 features of type [RefAxis] in Coberta-1
2021-03-24 16:40:34,746 INFO  ExportHelperExtension.cs: 1125 - Retrieving features of type [RefAxis] from Motor-3
2021-03-24 16:40:34,747 INFO  ExportHelperExtension.cs: 1136 - Found 46 in Motor-3
2021-03-24 16:40:34,747 INFO  ExportHelperExtension.cs: 1145 - Found 0 features of type [RefAxis] in Motor-3
2021-03-24 16:40:34,791 INFO  ExportPropertyManager.cs: 1142 - AfterClose called. This method no longer throws an Exception. It just silently does nothing. Ok, except for this logging message
2021-03-24 16:40:46,289 INFO  AssemblyExportForm.cs: 253 - Completing URDF export
2021-03-24 16:40:46,305 INFO  ConfigurationSerialization.cs: 276 - URDF Configuration found
<Link z:Id="i1" xmlns="http://schemas.datacontract.org/2004/07/SW2URDF" xmlns:i="http://www.w3.org/2001/XMLSchema-instance" xmlns:z="http://schemas.microsoft.com/2003/10/Serialization/"><Attributes><Attribute z:Id="i2"><AttributeType>name</AttributeType><IsRequired>true</IsRequired><Value i:type="a:string" xmlns:a="http://www.w3.org/2001/XMLSchema">base_link</Value></Attribute></Attributes><ChildElements><URDFElement z:Id="i3" i:type="Inertial"><Attributes/><ChildElements><URDFElement z:Id="i4" i:type="Origin"><Attributes><Attribute z:Id="i5"><AttributeType>xyz</AttributeType><IsRequired>true</IsRequired><Value i:type="a:ArrayOfdouble" xmlns:a="http://schemas.microsoft.com/2003/10/Serialization/Arrays"><a:double>0</a:double><a:double>0</a:double><a:double>0</a:double></Value></Attribute><Attribute z:Id="i6"><AttributeType>rpy</AttributeType><IsRequired>true</IsRequired><Value i:type="a:ArrayOfdouble" xmlns:a="http://schemas.microsoft.com/2003/10/Serialization/Arrays"><a:double>0</a:double><a:double>0</a:double><a:double>0</a:double></Value></Attribute></Attributes><ChildElements/><ElementName>origin</ElementName><required>false</required><RPYAttribute z:Ref="i6"/><XYZAttribute z:Ref="i5"/><isCustomized>false</isCustomized></URDFElement><URDFElement z:Id="i7" i:type="Mass"><Attributes><Attribute z:Id="i8"><AttributeType>value</AttributeType><IsRequired>true</IsRequired><Value i:type="a:double" xmlns:a="http://www.w3.org/2001/XMLSchema">0</Value></Attribute></Attributes><ChildElements/><ElementName>mass</ElementName><required>false</required><ValueAttribute z:Ref="i8"/></URDFElement><URDFElement z:Id="i9" i:type="Inertia"><Attributes><Attribute z:Id="i10"><AttributeType>ixx</AttributeType><IsRequired>true</IsRequired><Value i:type="a:double" xmlns:a="http://www.w3.org/2001/XMLSchema">0</Value></Attribute><Attribute z:Id="i11"><AttributeType>ixy</AttributeType><IsRequired>true</IsRequired><Value i:type="a:double" xmlns:a="http://www.w3.org/2001/XMLSchema">0</Value></Attribute><Attribute z:Id="i12"><AttributeType>ixz</AttributeType><IsRequired>true</IsRequired><Value i:type="a:double" xmlns:a="http://www.w3.org/2001/XMLSchema">0</Value></Attribute><Attribute z:Id="i13"><AttributeType>iyy</AttributeType><IsRequired>true</IsRequired><Value i:type="a:double" xmlns:a="http://www.w3.org/2001/XMLSchema">0</Value></Attribute><Attribute z:Id="i14"><AttributeType>iyz</AttributeType><IsRequired>true</IsRequired><Value i:type="a:double" xmlns:a="http://www.w3.org/2001/XMLSchema">0</Value></Attribute><Attribute z:Id="i15"><AttributeType>izz</AttributeType><IsRequired>true</IsRequired><Value i:type="a:double" xmlns:a="http://www.w3.org/2001/XMLSchema">0</Value></Attribute></Attributes><ChildElements/><ElementName>inertia</ElementName><required>false</required><IxxAttribute z:Ref="i10"/><IxyAttribute z:Ref="i11"/><IxzAttribute z:Ref="i12"/><IyyAttribute z:Ref="i13"/><IyzAttribute z:Ref="i14"/><IzzAttribute z:Ref="i15"/></URDFElement></ChildElements><ElementName>inertial</ElementName><required>false</required><Inertia z:Ref="i9"/><Mass z:Ref="i7"/><Origin z:Ref="i4"/></URDFElement><URDFElement z:Id="i16" i:type="Visual"><Attributes/><ChildElements><URDFElement z:Id="i17" i:type="Origin"><Attributes><Attribute z:Id="i18"><AttributeType>xyz</AttributeType><IsRequired>true</IsRequired><Value i:type="a:ArrayOfdouble" xmlns:a="http://schemas.microsoft.com/2003/10/Serialization/Arrays"><a:double>0</a:double><a:double>0</a:double><a:double>0</a:double></Value></Attribute><Attribute z:Id="i19"><AttributeType>rpy</AttributeType><IsRequired>true</IsRequired><Value i:type="a:ArrayOfdouble" xmlns:a="http://schemas.microsoft.com/2003/10/Serialization/Arrays"><a:double>0</a:double><a:double>0</a:double><a:double>0</a:double></Value></Attribute></Attributes><ChildElements/><ElementName>origin</ElementName><required>false</required><RPYAttribute z:Ref="i19"/><XYZAttribute z:Ref="i18"/><isCustomized>false</isCustomized></URDFElement><URDFElement z:Id="i20" i:type="Geometry"><Attributes/><ChildElements><URDFElement z:Id="i21" i:type="Mesh"><Attributes><Attribute z:Id="i22"><AttributeType>filename</AttributeType><IsRequired>true</IsRequired><Value i:nil="true"/></Attribute></Attributes><ChildElements/><ElementName>mesh</ElementName><required>false</required><FilenameAttribute z:Ref="i22"/></URDFElement></ChildElements><ElementName>geometry</ElementName><required>true</required><Mesh z:Ref="i21"/></URDFElement><URDFElement z:Id="i23" i:type="Material"><Attributes><Attribute z:Id="i24"><AttributeType>name</AttributeType><IsRequired>true</IsRequired><Value i:type="a:string" xmlns:a="http://www.w3.org/2001/XMLSchema"/></Attribute></Attributes><ChildElements><URDFElement z:Id="i25" i:type="Color"><Attributes><Attribute z:Id="i26"><AttributeType>rgba</AttributeType><IsRequired>true</IsRequired><Value i:type="a:ArrayOfdouble" xmlns:a="http://schemas.microsoft.com/2003/10/Serialization/Arrays"><a:double>1</a:double><a:double>1</a:double><a:double>1</a:double><a:double>1</a:double></Value></Attribute></Attributes><ChildElements/><ElementName>color</ElementName><required>false</required><RGBAAttribute z:Ref="i26"/></URDFElement><URDFElement z:Id="i27" i:type="Texture"><Attributes><Attribute z:Id="i28"><AttributeType>filename</AttributeType><IsRequired>true</IsRequired><Value i:nil="true"/></Attribute></Attributes><ChildElements/><ElementName>texture</ElementName><required>false</required><FilenameAttribute z:Ref="i28"/><wFilename/></URDFElement></ChildElements><ElementName>material</ElementName><required>false</required><Color z:Ref="i25"/><NameAttribute z:Ref="i24"/><Texture z:Ref="i27"/></URDFElement></ChildElements><ElementName>visual</ElementName><required>false</required><Geometry z:Ref="i20"/><Material z:Ref="i23"/><Origin z:Ref="i17"/></URDFElement><URDFElement z:Id="i29" i:type="Collision"><Attributes/><ChildElements><URDFElement z:Id="i30" i:type="Origin"><Attributes><Attribute z:Id="i31"><AttributeType>xyz</AttributeType><IsRequired>true</IsRequired><Value i:type="a:ArrayOfdouble" xmlns:a="http://schemas.microsoft.com/2003/10/Serialization/Arrays"><a:double>0</a:double><a:double>0</a:double><a:double>0</a:double></Value></Attribute><Attribute z:Id="i32"><AttributeType>rpy</AttributeType><IsRequired>true</IsRequired><Value i:type="a:ArrayOfdouble" xmlns:a="http://schemas.microsoft.com/2003/10/Serialization/Arrays"><a:double>0</a:double><a:double>0</a:double><a:double>0</a:double></Value></Attribute></Attributes><ChildElements/><ElementName>origin</ElementName><required>false</required><RPYAttribute z:Ref="i32"/><XYZAttribute z:Ref="i31"/><isCustomized>false</isCustomized></URDFElement><URDFElement z:Id="i33" i:type="Geometry"><Attributes/><ChildElements><URDFElement z:Id="i34" i:type="Mesh"><Attributes><Attribute z:Id="i35"><AttributeType>filename</AttributeType><IsRequired>true</IsRequired><Value i:nil="true"/></Attribute></Attributes><ChildElements/><ElementName>mesh</ElementName><required>false</required><FilenameAttribute z:Ref="i35"/></URDFElement></ChildElements><ElementName>geometry</ElementName><required>true</required><Mesh z:Ref="i34"/></URDFElement></ChildElements><ElementName>collision</ElementName><required>false</required><Geometry z:Ref="i33"/><Origin z:Ref="i30"/></URDFElement><URDFElement z:Id="i36" i:type="Joint"><Attributes><Attribute z:Id="i37"><AttributeType>name</AttributeType><IsRequired>true</IsRequired><Value i:type="a:string" xmlns:a="http://www.w3.org/2001/XMLSchema"/></Attribute><Attribute z:Id="i38"><AttributeType>type</AttributeType><IsRequired>true</IsRequired><Value i:type="a:string" xmlns:a="http://www.w3.org/2001/XMLSchema"/></Attribute></Attributes><ChildElements><URDFElement z:Id="i39" i:type="Origin"><Attributes><Attribute z:Id="i40"><AttributeType>xyz</AttributeType><IsRequired>true</IsRequired><Value i:type="a:ArrayOfdouble" xmlns:a="http://schemas.microsoft.com/2003/10/Serialization/Arrays"><a:double>0</a:double><a:double>0</a:double><a:double>0</a:double></Value></Attribute><Attribute z:Id="i41"><AttributeType>rpy</AttributeType><IsRequired>true</IsRequired><Value i:type="a:ArrayOfdouble" xmlns:a="http://schemas.microsoft.com/2003/10/Serialization/Arrays"><a:double>0</a:double><a:double>0</a:double><a:double>0</a:double></Value></Attribute></Attributes><ChildElements/><ElementName>origin</ElementName><required>false</required><RPYAttribute z:Ref="i41"/><XYZAttribute z:Ref="i40"/><isCustomized>false</isCustomized></URDFElement><URDFElement z:Id="i42" i:type="ParentLink"><Attributes><Attribute z:Id="i43"><AttributeType>link</AttributeType><IsRequired>true</IsRequired><Value i:type="a:string" xmlns:a="http://www.w3.org/2001/XMLSchema"/></Attribute></Attributes><ChildElements/><ElementName>parent</ElementName><required>true</required><NameAttribute z:Ref="i43"/></URDFElement><URDFElement z:Id="i44" i:type="ChildLink"><Attributes><Attribute z:Id="i45"><AttributeType>link</AttributeType><IsRequired>true</IsRequired><Value i:type="a:string" xmlns:a="http://www.w3.org/2001/XMLSchema"/></Attribute></Attributes><ChildElements/><ElementName>child</ElementName><required>true</required><NameAttribute z:Ref="i45"/></URDFElement><URDFElement z:Id="i46" i:type="Axis"><Attributes><Attribute z:Id="i47"><AttributeType>xyz</AttributeType><IsRequired>true</IsRequired><Value i:type="a:ArrayOfdouble" xmlns:a="http://schemas.microsoft.com/2003/10/Serialization/Arrays"><a:double>0</a:double><a:double>0</a:double><a:double>0</a:double></Value></Attribute></Attributes><ChildElements/><ElementName>axis</ElementName><required>false</required><XYZAttribute z:Ref="i47"/></URDFElement><URDFElement z:Id="i48" i:type="Limit"><Attributes><Attribute z:Id="i49"><AttributeType>lower</AttributeType><IsRequired>false</IsRequired><Value i:nil="true"/></Attribute><Attribute z:Id="i50"><AttributeType>upper</AttributeType><IsRequired>false</IsRequired><Value i:nil="true"/></Attribute><Attribute z:Id="i51"><AttributeType>effort</AttributeType><IsRequired>true</IsRequired><Value i:nil="true"/></Attribute><Attribute z:Id="i52"><AttributeType>velocity</AttributeType><IsRequired>true</IsRequired><Value i:nil="true"/></Attribute></Attributes><ChildElements/><ElementName>limit</ElementName><required>false</required><EffortAttribute z:Ref="i51"/><LowerAttribute z:Ref="i49"/><UpperAttribute z:Ref="i50"/><VelocityAttribute z:Ref="i52"/></URDFElement><URDFElement z:Id="i53" i:type="Calibration"><Attributes><Attribute z:Id="i54"><AttributeType>rising</AttributeType><IsRequired>false</IsRequired><Value i:nil="true"/></Attribute><Attribute z:Id="i55"><AttributeType>falling</AttributeType><IsRequired>false</IsRequired><Value i:nil="true"/></Attribute></Attributes><ChildElements/><ElementName>calibration</ElementName><required>false</required><FallingAttribute z:Ref="i55"/><RisingAttribute z:Ref="i54"/></URDFElement><URDFElement z:Id="i56" i:type="Dynamics"><Attributes><Attribute z:Id="i57"><AttributeType>damping</AttributeType><IsRequired>false</IsRequired><Value i:nil="true"/></Attribute><Attribute z:Id="i58"><AttributeType>friction</AttributeType><IsRequired>false</IsRequired><Value i:nil="true"/></Attribute></Attributes><ChildElements/><ElementName>dynamics</ElementName><required>false</required><DampingAttribute z:Ref="i57"/><FrictionAttribute z:Ref="i58"/></URDFElement><URDFElement z:Id="i59" i:type="SafetyController"><Attributes><Attribute z:Id="i60"><AttributeType>soft_upper</AttributeType><IsRequired>false</IsRequired><Value i:nil="true"/></Attribute><Attribute z:Id="i61"><AttributeType>soft_lower</AttributeType><IsRequired>false</IsRequired><Value i:nil="true"/></Attribute><Attribute z:Id="i62"><AttributeType>k_position</AttributeType><IsRequired>false</IsRequired><Value i:nil="true"/></Attribute><Attribute z:Id="i63"><AttributeType>k_velocity</AttributeType><IsRequired>true</IsRequired><Value i:nil="true"/></Attribute></Attributes><ChildElements/><ElementName>safety_controller</ElementName><required>false</required><KPositionAttribute z:Ref="i62"/><KVelocityAttribute z:Ref="i63"/><SoftLowerAttribute z:Ref="i61"/><SoftUpperAttribute z:Ref="i60"/></URDFElement><URDFElement z:Id="i64" i:type="Mimic"><Attributes><Attribute z:Id="i65"><AttributeType>joint</AttributeType><IsRequired>true</IsRequired><Value i:nil="true"/></Attribute><Attribute z:Id="i66"><AttributeType>multiplier</AttributeType><IsRequired>false</IsRequired><Value i:nil="true"/></Attribute><Attribute z:Id="i67"><AttributeType>offset</AttributeType><IsRequired>false</IsRequired><Value i:nil="true"/></Attribute></Attributes><ChildElements/><ElementName>mimic</ElementName><required>false</required><JointNameAttribute z:Ref="i65"/><MultiplierAttribute z:Ref="i66"/><OffsetAttribute z:Ref="i67"/></URDFElement></ChildElements><ElementName>joint</ElementName><required>false</required><Axis z:Ref="i46"/><AxisName/><Calibration z:Ref="i53"/><Child z:Ref="i44"/><CoordinateSystemName>Automatically Generate</CoordinateSystemName><Dynamics z:Ref="i56"/><Limit z:Ref="i48"/><Mimic z:Ref="i64"/><NameAttribute z:Ref="i37"/><Origin z:Ref="i39"/><Parent z:Ref="i42"/><Safety z:Ref="i59"/><TypeAttribute z:Ref="i38"/></URDFElement></ChildElements><ElementName>link</ElementName><required>true</required><Children/><Collision z:Ref="i29"/><Inertial z:Ref="i3"/><Joint z:Ref="i36"/><NameAttribute z:Ref="i2"/><Parent i:nil="true"/><STLQualityFine>false</STLQualityFine><SWComponentPIDs xmlns:a="http://schemas.microsoft.com/2003/10/Serialization/Arrays"><a:base64Binary>yDIAAAUAAAD//v8ZUABsAGEAdABhAGYAbwByAG0AYQBfADEALQAxAEAAUAByAG8AdABvAHQAaQBwAF8AMgAEAAAAEAAAAAEAAAABAAAAGAAAAA==</a:base64Binary><a:base64Binary>yDIAAAUAAAD//v8ZUABsAGEAdABhAGYAbwByAG0AYQBfADIALQAxAEAAUAByAG8AdABvAHQAaQBwAF8AMgAEAAAAEAAAAAEAAAABAAAAGQAAAA==</a:base64Binary><a:base64Binary>yDIAAAUAAAD//v8ZUABsAGEAdABhAGYAbwByAG0AYQBfADMALQAxAEAAUAByAG8AdABvAHQAaQBwAF8AMgAEAAAAEAAAAAEAAAABAAAAGgAAAA==</a:base64Binary><a:base64Binary>yDIAAAUAAAD//v8ZUABsAGEAdABhAGYAbwByAG0AYQBfADQALQAxAEAAUAByAG8AdABvAHQAaQBwAF8AMgAEAAAAEAAAAAEAAAABAAAAGwAAAA==</a:base64Binary><a:base64Binary>yDIAAAUAAAD//v8UQwBvAGIAZQByAHQAYQAtADEAQABQAHIAbwB0AG8AdABpAHAAXwAyAAQAAAAQAAAAAQAAAAEAAAAxAQAA</a:base64Binary><a:base64Binary>yDIAAAUAAAD//v8dTABpAGQAYQByACAAYQBtAGIAIABzAHUAcABvAHIAdAAtADEAQABQAHIAbwB0AG8AdABpAHAAXwAyAAQAAAAQAAAAAQAAAAEAAAA5AQAA</a:base64Binary><a:base64Binary>yDIAAAUAAAD//v8hTQBlAGMAYQBuAHUAbQAgAFcAaABlAGUAbABfAGQAaQBhAG0ANwA2AC0AMQBAAFAAcgBvAHQAbwB0AGkAcABfADIABAAAABAAAAABAAAAAQAAAIoBAAA=</a:base64Binary><a:base64Binary>yDIAAAUAAAD//v8hTQBlAGMAYQBuAHUAbQAgAFcAaABlAGUAbABfAGQAaQBhAG0ANwA2AC0AMgBAAFAAcgBvAHQAbwB0AGkAcABfADIABAAAABAAAAABAAAAAQAAAI8BAAA=</a:base64Binary><a:base64Binary>yDIAAAUAAAD//v8hTQBlAGMAYQBuAHUAbQAgAFcAaABlAGUAbABfAGQAaQBhAG0ANwA2AC0AMwBAAFAAcgBvAHQAbwB0AGkAcABfADIABAAAABAAAAABAAAAAQAAAJQBAAA=</a:base64Binary><a:base64Binary>yDIAAAUAAAD//v8hTQBlAGMAYQBuAHUAbQAgAFcAaABlAGUAbABfAGQAaQBhAG0ANwA2AC0ANABAAFAAcgBvAHQAbwB0AGkAcABfADIABAAAABAAAAABAAAAAQAAAJ0BAAA=</a:base64Binary><a:base64Binary>yDIAAAUAAAD//v8ZUwB1AHAAbwByAHQAIABtAG8AdABvAHIALQAxAEAAUAByAG8AdABvAHQAaQBwAF8AMgAEAAAAEAAAAAEAAAABAAAAogEAAA==</a:base64Binary><a:base64Binary>yDIAAAUAAAD//v8STQBvAHQAbwByAC0AMQBAAFAAcgBvAHQAbwB0AGkAcABfADIABAAAABAAAAABAAAAAQAAAKcBAAA=</a:base64Binary><a:base64Binary>yDIAAAUAAAD//v8ZUwB1AHAAbwByAHQAIABtAG8AdABvAHIALQAyAEAAUAByAG8AdABvAHQAaQBwAF8AMgAEAAAAEAAAAAEAAAABAAAArwEAAA==</a:base64Binary><a:base64Binary>yDIAAAUAAAD//v8STQBvAHQAbwByAC0AMgBAAFAAcgBvAHQAbwB0AGkAcABfADIABAAAABAAAAABAAAAAQAAAMcBAAA=</a:base64Binary><a:base64Binary>yDIAAAUAAAD//v8ZUwB1AHAAbwByAHQAIABtAG8AdABvAHIALQAzAEAAUAByAG8AdABvAHQAaQBwAF8AMgAEAAAAEAAAAAEAAAABAAAAzQEAAA==</a:base64Binary><a:base64Binary>yDIAAAUAAAD//v8STQBvAHQAbwByAC0AMwBAAFAAcgBvAHQAbwB0AGkAcABfADIABAAAABAAAAABAAAAAQAAANIBAAA=</a:base64Binary><a:base64Binary>yDIAAAUAAAD//v8ZUwB1AHAAbwByAHQAIABtAG8AdABvAHIALQA0AEAAUAByAG8AdABvAHQAaQBwAF8AMgAEAAAAEAAAAAEAAAABAAAA2AEAAA==</a:base64Binary><a:base64Binary>yDIAAAUAAAD//v8STQBvAHQAbwByAC0ANABAAFAAcgBvAHQAbwB0AGkAcABfADIABAAAABAAAAABAAAAAQAAAOABAAA=</a:base64Binary><a:base64Binary>yDIAAAUAAAD//v8bUwB1AHAAbwByAHQAIABtAG8AdABvAHIAIAAyAC0AMQBAAFAAcgBvAHQAbwB0AGkAcABfADIABAAAABAAAAABAAAAAQAAAOkBAAA=</a:base64Binary><a:base64Binary>yDIAAAUAAAD//v8bUwB1AHAAbwByAHQAIABtAG8AdABvAHIAIAAyAC0AMgBAAFAAcgBvAHQAbwB0AGkAcABfADIABAAAABAAAAABAAAAAQAAAO8BAAA=</a:base64Binary></SWComponentPIDs><SWMainComponentPID i:nil="true"/><Visual z:Ref="i16"/><isFixedFrame>false</isFixedFrame><isIncomplete>false</isIncomplete></Link>
2021-03-24 16:41:01,276 INFO  AssemblyExportForm.cs: 309 - Saving URDF package to C:\Users\sergi\Desktop\Sergi\Uni\TFG\URDF_Files\Prototip_2
2021-03-24 16:41:01,278 INFO  ExportHelper.cs: 147 - Beginning the export process
2021-03-24 16:41:01,279 INFO  ExportHelper.cs: 153 - Creating package directories with name Prototip_2 and save path C:\Users\sergi\Desktop\Sergi\Uni\TFG\URDF_Files
2021-03-24 16:41:03,634 INFO  ExportHelper.cs: 162 - Creating CMakeLists.txt at C:\Users\sergi\Desktop\Sergi\Uni\TFG\URDF_Files\Prototip_2\CMakeLists.txt
2021-03-24 16:41:03,640 INFO  ExportHelper.cs: 166 - Creating joint names config at C:\Users\sergi\Desktop\Sergi\Uni\TFG\URDF_Files\Prototip_2\config\joint_names_Prototip_2.yaml
2021-03-24 16:41:03,645 INFO  ExportHelper.cs: 170 - Creating package.xml at C:\Users\sergi\Desktop\Sergi\Uni\TFG\URDF_Files\Prototip_2\package.xml
2021-03-24 16:41:03,645 INFO  PackageXMLWriter.cs: 21 - Creating package.xml at C:\Users\sergi\Desktop\Sergi\Uni\TFG\URDF_Files\Prototip_2\package.xml
2021-03-24 16:41:03,654 INFO  ExportHelper.cs: 177 - Creating RVIZ launch file in C:\Users\sergi\Desktop\Sergi\Uni\TFG\URDF_Files\Prototip_2\launch\
2021-03-24 16:41:03,660 INFO  ExportHelper.cs: 182 - Creating Gazebo launch file in C:\Users\sergi\Desktop\Sergi\Uni\TFG\URDF_Files\Prototip_2\launch\
2021-03-24 16:41:03,665 INFO  ExportHelper.cs: 187 - Saving existing STL preferences
2021-03-24 16:41:03,666 INFO  ExportHelper.cs: 450 - Saving users preferences
2021-03-24 16:41:03,667 INFO  ExportHelper.cs: 190 - Modifying STL preferences
2021-03-24 16:41:03,667 INFO  ExportHelper.cs: 464 - Setting STL preferences
2021-03-24 16:41:03,673 INFO  ExportHelper.cs: 196 - Found 0 hidden components 
2021-03-24 16:41:03,673 INFO  ExportHelper.cs: 197 - Hiding all components
2021-03-24 16:41:03,961 INFO  ExportHelper.cs: 204 - Beginning individual files export
2021-03-24 16:41:03,963 INFO  ExportHelper.cs: 270 - Exporting link: base_link
2021-03-24 16:41:03,964 INFO  ExportHelper.cs: 272 - Link base_link has 0 children
2021-03-24 16:41:03,964 INFO  ExportHelper.cs: 317 - base_link: Exporting STL with coordinate frame Origin_global
2021-03-24 16:41:03,965 INFO  ExportHelper.cs: 322 - base_link: Reference geometry name 
2021-03-24 16:41:04,249 INFO  ExportHelper.cs: 330 - Saving STL to C:\Users\sergi\Desktop\Sergi\Uni\TFG\URDF_Files\Prototip_2\meshes\base_link.STL
2021-03-24 16:41:06,348 INFO  ExportHelper.cs: 405 - Removing SW header in STL file
2021-03-24 16:41:06,352 INFO  ExportHelper.cs: 145 - Showing all components except previously hidden components
2021-03-24 16:41:06,645 INFO  ExportHelper.cs: 145 - Resetting STL preferences
2021-03-24 16:41:06,645 INFO  ExportHelper.cs: 478 - Returning STL preferences to user preferences
2021-03-24 16:41:06,646 INFO  ExportHelper.cs: 228 - Writing URDF file to C:\Users\sergi\Desktop\Sergi\Uni\TFG\URDF_Files\Prototip_2\urdf\Prototip_2.urdf
2021-03-24 16:41:06,694 INFO  CSVImportExport.cs: 32 - Writing CSV file C:\Users\sergi\Desktop\Sergi\Uni\TFG\URDF_Files\Prototip_2\urdf\Prototip_2.csv
2021-03-24 16:41:06,714 ERROR CSVImportExport.cs: 130 - The following columns were not written to the CSV: Link.Joint.ChildLink.link,
2021-03-24 16:41:06,721 INFO  ExportHelper.cs: 234 - Copying log file
2021-03-24 16:41:06,724 INFO  ExportHelper.cs: 439 - Copying C:\Users\sergi\sw2urdf_logs\sw2urdf.log to C:\Users\sergi\Desktop\Sergi\Uni\TFG\URDF_Files\Prototip_2\export.log
